<?xml version="1.0" encoding="UTF-8"?>
<!-- Generated by org.testng.reporters.JUnitXMLReporter -->
<testsuite hostname="LAPTOP-MHBR2HPR" ignored="0" name="Test" tests="1" failures="1" timestamp="2020-09-22T13:13:43 BST" time="0.449" errors="0">
  <testcase name="testcase_1" time="0.393" classname="practise.AppiumFramwork.FormPage_tc_1">
    <failure type="io.appium.java_client.service.local.InvalidServerInstanceException" message="The main Appium script does not exist at &amp;apos;C:\Users\abc\git\General-Store-app-automation\AppiumFramwork\appium\build\lib\main.js&amp;apos;">
      <![CDATA[io.appium.java_client.service.local.InvalidServerInstanceException: The main Appium script does not exist at 'C:\Users\abc\git\General-Store-app-automation\AppiumFramwork\appium\build\lib\main.js'
at io.appium.java_client.service.local.AppiumServiceBuilder.findMainScript(AppiumServiceBuilder.java:161)
at io.appium.java_client.service.local.AppiumServiceBuilder.loadPathToMainScript(AppiumServiceBuilder.java:300)
at io.appium.java_client.service.local.AppiumServiceBuilder.createArgs(AppiumServiceBuilder.java:381)
at org.openqa.selenium.remote.service.DriverService$Builder.build(DriverService.java:358)
at io.appium.java_client.service.local.AppiumDriverLocalService.buildService(AppiumDriverLocalService.java:87)
at io.appium.java_client.service.local.AppiumDriverLocalService.buildDefaultService(AppiumDriverLocalService.java:83)
at practise.AppiumFramwork.base.startServer(base.java:28)
at practise.AppiumFramwork.FormPage_tc_1.testcase_1(FormPage_tc_1.java:20)
at java.util.ArrayList.forEach(Unknown Source)
... Removed 27 stack frames]]>
    </failure>
  </testcase> <!-- testcase_1 -->
</testsuite> <!-- Test -->
